# ileri düzey konular

* Column Selections: If the DISTINCT clause includes columns that are not part of the index, PostgreSQL may need to perform additional operations that negate the benefits of the index.
## distinct index problem

When using the `DISTINCT` clause in PostgreSQL, the effectiveness of indexes depends on the specific columns involved in the query. If the columns listed in the `DISTINCT` clause are not fully covered by an index, PostgreSQL may need to perform additional operations that reduce the performance benefits typically provided by indexes. Here’s a detailed explanation of this concept:

### Indexes and `DISTINCT` Queries

Indexes in PostgreSQL can significantly speed up data retrieval by allowing the database engine to quickly locate rows based on indexed columns. When executing a `DISTINCT` query, PostgreSQL tries to use available indexes to retrieve the unique rows efficiently.

### Column Selections and Index Coverage

An index covers a query when all the columns used in the query's predicates (including those in the `SELECT` and `WHERE` clauses) are included in the index. For a `DISTINCT` query, this means that the columns specified in the `DISTINCT` clause should ideally be part of a single index.

#### Example Scenario

Consider a table `employees` with columns `id`, `name`, and `department_id`:

```sql
CREATE TABLE employees (
    id SERIAL PRIMARY KEY,
    name TEXT,
    department_id INT
);

CREATE INDEX idx_department_id ON employees(department_id);
CREATE INDEX idx_name_department ON employees(name, department_id);
```

### Scenario 1: Indexed Columns in `DISTINCT`

Suppose you have a `DISTINCT` query that matches an existing index:

```sql
SELECT DISTINCT department_id FROM employees;
```

- **Index Usage**: PostgreSQL can use the `idx_department_id` index to quickly retrieve unique `department_id` values.
- **Efficiency**: This is efficient because the index directly supports the `DISTINCT` operation, and no additional operations are required.

### Scenario 2: Non-Indexed Columns in `DISTINCT`

Now, consider a `DISTINCT` query involving a column not covered by the existing index:

```sql
SELECT DISTINCT name FROM employees;
```

- **Index Limitation**: Neither `idx_department_id` nor `idx_name_department` covers the `name` column alone.
- **Additional Operations**: PostgreSQL may need to perform a sequential scan of the table to retrieve all `name` values. After retrieving these values, it must sort them and remove duplicates.
- **Performance Impact**: This process involves more I/O and CPU usage compared to using an index, leading to potential performance degradation.

### Scenario 3: Partially Covered Index

Consider a more complex `DISTINCT` query:

```sql
SELECT DISTINCT name, department_id FROM employees;
```

- **Partial Index Coverage**: The `idx_name_department` index covers both `name` and `department_id`. PostgreSQL can use this index to speed up retrieval and deduplication.
- **Efficiency**: Using this index allows PostgreSQL to avoid a full table scan and leverage the index for sorting and uniqueness.

### Performance Considerations

When columns in the `DISTINCT` clause are not fully covered by an index:
- **Sequential Scans**: PostgreSQL might perform a sequential scan to retrieve the data, which is generally slower than an index scan.
- **Sorting and Deduplication**: Additional sorting and deduplication steps are required, consuming more CPU and memory resources.
- **Execution Plan**: The query planner might generate a less optimal execution plan, leading to longer query execution times.

### Practical Example

To illustrate, let's see the query plans for different scenarios:

1. **Using an Indexed Column**:
   ```sql
   EXPLAIN ANALYZE SELECT DISTINCT department_id FROM employees;
   ```

   Sample Output:
   ```plaintext
   Unique  (cost=0.29..14.45 rows=10 width=4) (actual time=0.010..0.022 rows=10 loops=1)
     ->  Index Only Scan using idx_department_id on employees  (cost=0.29..14.45 rows=10 width=4) (actual time=0.009..0.018 rows=10 loops=1)
           Heap Fetches: 0
   ```

2. **Using a Non-Indexed Column**:
   ```sql
   EXPLAIN ANALYZE SELECT DISTINCT name FROM employees;
   ```

   Sample Output:
   ```plaintext
   Unique  (cost=1000.00..1030.00 rows=1000 width=32) (actual time=10.010..15.022 rows=1000 loops=1)
     ->  Sort  (cost=1000.00..1020.00 rows=4000 width=32) (actual time=9.990..14.005 rows=4000 loops=1)
           Sort Key: name
           Sort Method: quicksort  Memory: 320kB
           ->  Seq Scan on employees  (cost=0.00..600.00 rows=4000 width=32) (actual time=0.010..3.010 rows=4000 loops=1)
   ```

In the second example, the query planner resorts to a sequential scan and sorting, which is more resource-intensive.

### Conclusion

To optimize `DISTINCT` queries:
- Ensure that columns used in the `DISTINCT` clause are indexed together if possible.
- Analyze and monitor the query execution plans to understand how PostgreSQL handles these queries.
- Regularly maintain and update indexes to ensure they remain effective as the data evolves.

By aligning your indexes with your query patterns, you can significantly improve the performance of `DISTINCT` queries in PostgreSQL.




* Statistics: Regularly analyze your tables to keep PostgreSQL's statistics up to date. This helps the query planner make informed 777decisions.

## analyze

As a PostgreSQL DBA, regularly analyzing tables is crucial for maintaining accurate statistics, which helps the query planner make efficient decisions. However, doing so without significantly affecting database performance requires a strategic approach. Here are several methods and best practices:

### 1. Scheduling `ANALYZE` During Low-Load Periods

- **Identify Low-Load Times**: Schedule the `ANALYZE` operations during off-peak hours when database activity is minimal.
- **Use cron Jobs**: On Unix-based systems, use cron jobs to automate the execution of `ANALYZE` at scheduled times.

Example cron job to run `ANALYZE` at 3 AM daily:
```sh
0 3 * * * psql -U postgres -d yourdatabase -c "ANALYZE;"
```

### 2. Autovacuum Configuration

PostgreSQL's autovacuum daemon can automatically perform `ANALYZE` operations. Properly tuning the autovacuum settings can ensure regular maintenance without heavy performance impact.

- **Adjust Autovacuum Settings**: Configure autovacuum to balance performance and maintenance.

Key parameters to consider:
- `autovacuum_naptime`: Frequency of autovacuum checks (default: 1 minute).
- `autovacuum_vacuum_threshold` and `autovacuum_analyze_threshold`: Minimum row changes before vacuum/analyze (default: 50).
- `autovacuum_vacuum_scale_factor` and `autovacuum_analyze_scale_factor`: Fraction of table size to trigger vacuum/analyze (default: 0.2 and 0.1).
- `autovacuum_work_mem`: Memory available to autovacuum (default: -1, uses maintenance_work_mem).
- `autovacuum_max_workers`: Number of autovacuum workers (default: 3).

### 3. Incremental or Targeted `ANALYZE`

- **Target Specific Tables**: Run `ANALYZE` on frequently updated or large tables rather than the entire database.

Example:
```sql
ANALYZE your_table;
```

- **Incremental `ANALYZE`**: Spread the `ANALYZE` operations over different tables at different times to minimize load.

### 4. Monitoring and Adjusting Autovacuum

- **pg_stat_user_tables**: Monitor the `pg_stat_user_tables` view to track autovacuum and analyze activities.
- **Dynamic Adjustment**: Adjust autovacuum settings dynamically based on system load.

Example to check autovacuum stats:
```sql
SELECT schemaname, relname, last_vacuum, last_autovacuum, last_analyze, last_autoanalyze
FROM pg_stat_user_tables;
```

### 5. Parallel `ANALYZE`

PostgreSQL 13 introduced parallel `ANALYZE` which can help in reducing the time taken to gather statistics, especially for large tables.

To enable parallel `ANALYZE`:
```sql
SET max_parallel_maintenance_workers = <number_of_workers>;
ANALYZE your_large_table;
```

### 6. Using `VACUUM` and `ANALYZE` Together

Running `VACUUM` and `ANALYZE` together can help in cleaning up dead tuples and updating statistics simultaneously.

Example:
```sql
VACUUM ANALYZE your_table;
```

### 7. Priority Scheduling with `nice`

On Unix-based systems, you can use the `nice` command to adjust the priority of the `ANALYZE` process, ensuring it has a lower priority compared to other critical processes.

Example:
```sh
nice -n 10 psql -U postgres -d yourdatabase -c "ANALYZE;"
```

### 8. Monitoring and Alerting

Set up monitoring and alerting for autovacuum and analyze activities using tools like pgAdmin, Nagios, or custom scripts. This helps in proactively managing and tuning the process.

### 9. Custom Scripts for Maintenance

Create custom maintenance scripts that include logic for incremental `ANALYZE`, targeted based on table activity, and system load.

Example shell script for incremental `ANALYZE`:
```sh
#!/bin/bash

DATABASE=yourdatabase
TABLES=$(psql -U postgres -d $DATABASE -t -c "SELECT table_name FROM information_schema.tables WHERE table_schema = 'public';")

for TABLE in $TABLES; do
    echo "Analyzing $TABLE..."
    psql -U postgres -d $DATABASE -c "ANALYZE $TABLE;"
    sleep 1 # Introduce a small delay to reduce load
done
```

### Conclusion

By strategically scheduling `ANALYZE`, fine-tuning autovacuum settings, using parallel and incremental approaches, and monitoring the impact, you can maintain accurate statistics in PostgreSQL without significantly affecting performance. Regularly reviewing and adjusting these strategies ensures optimal database performance and efficient query planning.